<?xml version="1.0" encoding="UTF-8"?>
<testsuite xmlns:xsi="http://www.w3.org/2001/XMLSchema-instance" xsi:noNamespaceSchemaLocation="https://maven.apache.org/surefire/maven-surefire-plugin/xsd/surefire-test-report-3.0.xsd" version="3.0" name="com.neonpulse.domain.EventTest" time="0.049" tests="4" errors="0" skipped="0" failures="0">
  <properties>
[...]
</properties>
  <testcase name="shouldThrowExceptionWhenNoTicketsAvailable" classname="com.neonpulse.domain.EventTest" time="0.026"/>
  <testcase name="shouldDecreaseAvailableTicketsWhenReserved" classname="com.neonpulse.domain.EventTest" time="0.004"/>
  <testcase name="shouldThrowExceptionWhenCapacityIsInvalid" classname="com.neonpulse.domain.EventTest" time="0.002"/>
  <testcase name="shouldReturnCorrectEventDetails" classname="com.neonpulse.domain.EventTest" time="0.0"/>
</testsuite>